<html>
<body>
<pre>
<h1>µVision Build Log</h1>
<h2>Tool Versions:</h2>
IDE-Version: µVision V5.39.0.0
Copyright (C) 2023 ARM Ltd and ARM Germany GmbH. All rights reserved.
License Information: Md Shamsur Rahman Sami, University of Dhaka, LIC=----
 
Tool Versions:
Toolchain:       MDK-Lite  Version: 5.39.0.0
Toolchain Path:  C:\Keil_v5\ARM\ARMCLANG\Bin
C Compiler:      ArmClang.exe V6.21
Assembler:       Armasm.exe V6.21
Linker/Locator:  ArmLink.exe V6.21
Library Manager: ArmAr.exe V6.21
Hex Converter:   FromElf.exe V6.21
CPU DLL:         SARMCM3.DLL V5.39.0.0
Dialog DLL:      DCM.DLL V1.17.5.0
Target DLL:      UL2CM3.DLL V1.164.9.0
Dialog DLL:      TCM.DLL V1.56.4.0
 
<h2>Project:</h2>
F:\Assembly Language\First Program\ddddd.uvprojx
Project File Date:  02/12/2024

<h2>Output:</h2>
*** Using Compiler 'V6.21', folder: 'C:\Keil_v5\ARM\ARMCLANG\Bin'
Build target 'Target 1'
assembling jdjj.s...
assembling startup_msp432p401r_uvision.s...
RTE/Device/MSP432P401R/system_msp432p401r.c(46): warning: In file included from...
C:/Users/SAMI/AppData/Local/Arm/Packs/TexasInstruments/MSP432P4xx_DFP/3.2.6/Device/Include\msp.h(46): warning: In file included from...
C:/Users/SAMI/AppData/Local/Arm/Packs/TexasInstruments/MSP432P4xx_DFP/3.2.6/Device/Include/msp432p401r.h(235): warning: In file included from...
C:/Users/SAMI/AppData/Local/Arm/Packs/ARM/CMSIS/6.0.0/CMSIS/Core/Include\core_cm4.h(170): warning: In file included from...
C:/Users/SAMI/AppData/Local/Arm/Packs/ARM/CMSIS/6.0.0/CMSIS/Core/Include/cmsis_compiler.h(37): warning: In file included from...
C:/Users/SAMI/AppData/Local/Arm/Packs/ARM/CMSIS/6.0.0/CMSIS/Core/Include/./m-profile/cmsis_armclang_m.h(29): warning: In file included from...
C:\Keil_v5\ARM\ARMCLANG\Bin\..\include\arm_acle.h(39): error: too many arguments provided to function-like macro invocation
   39 | static __inline__ void __attribute__((__always_inline__, __nodebug__)) __wfi(void) {
      |                                                                              ^
C:/Users/SAMI/AppData/Local/Arm/Packs/TexasInstruments/MSP432P4xx_DFP/3.2.6/Device/Include/msp_compatibility.h(144): note: macro '__wfi' defined here
  144 | #define __wfi()                         __asm("  wfi")
      |         ^
RTE/Device/MSP432P401R/system_msp432p401r.c(46): warning: In file included from...
C:/Users/SAMI/AppData/Local/Arm/Packs/TexasInstruments/MSP432P4xx_DFP/3.2.6/Device/Include\msp.h(46): warning: In file included from...
C:/Users/SAMI/AppData/Local/Arm/Packs/TexasInstruments/MSP432P4xx_DFP/3.2.6/Device/Include/msp432p401r.h(235): warning: In file included from...
C:/Users/SAMI/AppData/Local/Arm/Packs/ARM/CMSIS/6.0.0/CMSIS/Core/Include\core_cm4.h(170): warning: In file included from...
C:/Users/SAMI/AppData/Local/Arm/Packs/ARM/CMSIS/6.0.0/CMSIS/Core/Include/cmsis_compiler.h(37): warning: In file included from...
C:/Users/SAMI/AppData/Local/Arm/Packs/ARM/CMSIS/6.0.0/CMSIS/Core/Include/./m-profile/cmsis_armclang_m.h(29): warning: In file included from...
C:\Keil_v5\ARM\ARMCLANG\Bin\..\include\arm_acle.h(39): error: 'inline' can only appear on functions
   39 | static __inline__ void __attribute__((__always_inline__, __nodebug__)) __wfi(void) {
      |        ^
C:\Keil_v5\ARM\ARMCLANG\Bin\..\include\arm_acle.h(39): error: variable has incomplete type 'void'
   39 | static __inline__ void __attribute__((__always_inline__, __nodebug__)) __wfi(void) {
      |                                                                        ^
C:\Keil_v5\ARM\ARMCLANG\Bin\..\include\arm_acle.h(39): error: expected ';' after top level declarator
   39 | static __inline__ void __attribute__((__always_inline__, __nodebug__)) __wfi(void) {
      |                                                                             ^
RTE/Device/MSP432P401R/system_msp432p401r.c(189): warning: implicit conversion loses integer precision: 'int' to 'int16_t' (aka 'short') [-Wimplicit-int-conversion]
  189 |                 dcoTune = dcoTune | 0xF000;
      |                         ~ ~~~~~~~~^~~~~~~~
RTE/Device/MSP432P401R/system_msp432p401r.c(207): warning: implicit conversion from 'uint32_t' (aka 'unsigned int') to 'float' may lose precision [-Wimplicit-int-float-conversion]
  207 |                                             / (8 * (1 + dcoConst * (768 - calVal))))));
      |                                                                  ~  ~~~~^~~~~~~~
RTE/Device/MSP432P401R/system_msp432p401r.c(204): warning: implicit conversion from 'uint32_t' (aka 'unsigned int') to 'float' may lose precision [-Wimplicit-int-float-conversion]
  204 |             SystemCoreClock = (uint32_t) ((centeredFreq)
      |                                            ^~~~~~~~~~~~
  205 |                                / (1
      |                                ~
3 warnings and 4 errors generated.
compiling system_msp432p401r.c...
".\Objects\ddddd.axf" - 4 Error(s), 3 Warning(s).

<h2>Software Packages used:</h2>

Package Vendor: ARM
                https://www.keil.com/pack/ARM.CMSIS.6.0.0.pack
                ARM::CMSIS@6.0.0
                CMSIS (Common Microcontroller Software Interface Standard)
   * Component: CORE Version: 6.0.0

Package Vendor: TexasInstruments
                http://software-dl.ti.com/msp430/msp430_public_sw/mcu/msp430/msp432cmsis/latest/exports/TexasInstruments.MSP432P4xx_DFP.3.2.6.pack
                TexasInstruments::MSP432P4xx_DFP@3.2.6
                Device Family Pack for Texas Instruments SimpleLink(TM) MSP432 Series
   * Component: Startup Version: 3.2.2

<h2>Collection of Component include folders:</h2>
  ./RTE/_Target_1
  C:/Users/SAMI/AppData/Local/Arm/Packs/ARM/CMSIS/6.0.0/CMSIS/Core/Include
  C:/Users/SAMI/AppData/Local/Arm/Packs/TexasInstruments/MSP432P4xx_DFP/3.2.6/Device/Include

<h2>Collection of Component Files used:</h2>

   * Component: ARM::CMSIS:CORE@6.0.0

   * Component: TexasInstruments::Device:Startup@3.2.2
      Source file:   Device/Source/system_msp432p401r.c
      Include file:  Device/Include/msp_compatibility.h
      Source file:   Examples/EmptyMain/main.c
      Source file:   Device/Source/startup_msp432p401r_uvision.s
      Source file:   Examples/BlinkLED/blinkLED.c
Target not created.
Build Time Elapsed:  00:00:01
</pre>
</body>
</html>
